⚠ `eslint` configuration in next.config.ts is no longer supported. See more info here: https://nextjs.org/docs/app/api-reference/cli/next#next-lint-options
⚠ Invalid next.config.ts options detected: 
⚠     Unrecognized key(s) in object: 'eslint'
⚠ See more info here: https://nextjs.org/docs/messages/invalid-next-config
▲ Next.js 16.1.6 (Turbopack)
- Environments: .env

  Creating an optimized production build ...

> Build error occurred
Error: Turbopack build failed with 1 errors:
./src/app/admin/page.tsx:219:23
Parsing ecmascript source code failed
[0m [90m 217 |[39m             ))}
 [90m 218 |[39m          [33m<[39m[35m/div>     {/[39m[33m*[39m end [33mPENDING[39m list [33m*[39m[33m/[39m}
[31m[1m>[22m[39m[90m 219 |[39m             [33m<[39m[35m/div>    {/[39m[33m*[39m end inner column [33m*[39m[33m/[39m}
 [90m     |[39m                       [31m[1m^[22m[39m
 [90m 220 |[39m           [33m<[39m[35m/div>    {/[39m[33m*[39m end outer column [33m*[39m[33m/[39m}
 [90m 221 |[39m        )}
 [90m 222 |[39m[0m

Expected '</', got '{'


    at <unknown> (./src/app/admin/page.tsx:219:23)
